[28-May-2017 17:52:32 UTC] testing
[28-May-2017 17:52:43 UTC] testing
[28-May-2017 17:56:53 UTC] testing
[29-May-2017 19:26:34 UTC] 
[29-May-2017 19:29:39 UTC] OMG
[20-Jun-2017 00:38:51 UTC] OMG
[20-Jun-2017 00:38:51 UTC] here
[20-Jun-2017 00:39:38 UTC] OMG
[21-Jun-2017 23:53:55 UTC] here
[21-Jun-2017 23:54:16 UTC] here
[21-Jun-2017 23:58:46 UTC] here
[21-Jun-2017 23:59:16 UTC] here
[22-Jun-2017 00:02:04 UTC] here
[22-Jun-2017 00:05:33 UTC] here
[22-Jun-2017 00:06:44 UTC] here
[22-Jun-2017 00:14:19 UTC] here
[22-Jun-2017 00:15:04 UTC] here
[22-Jun-2017 00:22:48 UTC] testing123
[22-Jun-2017 00:22:48 UTC] here
[22-Jun-2017 00:26:35 UTC] Message: 
[22-Jun-2017 00:26:35 UTC] here
[22-Jun-2017 00:27:54 UTC] here
[22-Jun-2017 00:28:12 UTC] here
[22-Jun-2017 00:28:41 UTC] here
[22-Jun-2017 00:29:00 UTC] here
[22-Jun-2017 00:33:13 UTC] here
[22-Jun-2017 00:36:04 UTC] here
[22-Jun-2017 00:36:52 UTC] here
[22-Jun-2017 00:37:18 UTC] here
[22-Jun-2017 00:37:33 UTC] here
[22-Jun-2017 00:39:37 UTC] here
[22-Jun-2017 00:41:05 UTC] here
[22-Jun-2017 00:41:10 UTC] here
[22-Jun-2017 00:42:04 UTC] here
[22-Jun-2017 00:42:22 UTC] here
[22-Jun-2017 00:43:10 UTC] here
[22-Jun-2017 00:47:34 UTC] here
[22-Jun-2017 00:48:35 UTC] here
[22-Jun-2017 00:48:53 UTC] here
[22-Jun-2017 00:49:01 UTC] here
[22-Jun-2017 00:49:04 UTC] here
[22-Jun-2017 00:49:08 UTC] here
[22-Jun-2017 00:51:53 UTC] here
[22-Jun-2017 00:51:59 UTC] here
[22-Jun-2017 00:57:02 UTC] here
[22-Jun-2017 00:58:48 UTC] here
[22-Jun-2017 00:58:53 UTC] here
[22-Jun-2017 01:01:22 UTC] here
[22-Jun-2017 01:03:11 UTC] here
[22-Jun-2017 01:03:36 UTC] here
[22-Jun-2017 01:04:32 UTC] here
[22-Jun-2017 01:04:41 UTC] here
[22-Jun-2017 01:06:50 UTC] here
[22-Jun-2017 01:06:58 UTC] here
[22-Jun-2017 20:10:40 UTC] here
[22-Jun-2017 20:34:52 UTC] here
[22-Jun-2017 20:42:25 UTC] here
[22-Jun-2017 20:50:57 UTC] here
[22-Jun-2017 20:52:44 UTC] here
[22-Jun-2017 20:53:16 UTC] here
[22-Jun-2017 20:53:39 UTC] here
[22-Jun-2017 20:54:24 UTC] here
[22-Jun-2017 20:54:27 UTC] here
[22-Jun-2017 20:54:33 UTC] here
[22-Jun-2017 20:55:38 UTC] here
[23-Jun-2017 00:46:21 UTC] here
[23-Jun-2017 00:47:18 UTC] here
[23-Jun-2017 00:50:17 UTC] here
[23-Jun-2017 00:50:21 UTC] here
[23-Jun-2017 00:52:37 UTC] here
[23-Jun-2017 00:55:54 UTC] here
[23-Jun-2017 00:57:51 UTC] here
[23-Jun-2017 00:58:32 UTC] here
[23-Jun-2017 01:43:53 UTC] here
[23-Jun-2017 01:50:19 UTC] here
[23-Jun-2017 02:10:32 UTC] here
[23-Jun-2017 02:14:01 UTC] here
[23-Jun-2017 02:15:08 UTC] here
[23-Jun-2017 02:21:05 UTC] here
[23-Jun-2017 02:21:32 UTC] here
[25-Jun-2017 02:38:48 UTC] here
[25-Jun-2017 02:38:56 UTC] here
[25-Jun-2017 02:39:30 UTC] here
[25-Jun-2017 02:44:20 UTC] here
[25-Jun-2017 02:44:23 UTC] here
[25-Jun-2017 17:15:30 UTC] here
[25-Jun-2017 17:45:01 UTC] here
[02-Jul-2017 20:09:52 UTC] here
[07-Jul-2017 23:28:47 UTC] here
[08-Jul-2017 00:56:54 UTC] here
[08-Jul-2017 01:06:31 UTC] here
